[2026-02-03T16:23:19.354Z] 🚀 Starting recompute backfill
[2026-02-03T16:23:19.359Z] 📦 Chunk 1: 2022-12-11 → 2023-01-10 (cursor advances to 2023-01-11)
[2026-02-03T16:23:26.118Z] ✅ Line items backfilled
[2026-02-03T16:23:37.945Z] ✅ Profit recomputed
[2026-02-03T16:23:37.946Z] 📦 Chunk 2: 2023-01-11 → 2023-02-10 (cursor advances to 2023-02-11)
[2026-02-03T16:23:41.175Z] ✅ Line items backfilled
[2026-02-03T16:23:50.645Z] ✅ Profit recomputed
[2026-02-03T16:23:50.646Z] 📦 Chunk 3: 2023-02-11 → 2023-03-10 (cursor advances to 2023-03-11)
[2026-02-03T16:23:54.852Z] ✅ Line items backfilled
[2026-02-03T16:24:04.835Z] ✅ Profit recomputed
[2026-02-03T16:24:04.836Z] 📦 Chunk 4: 2023-03-11 → 2023-04-09 (cursor advances to 2023-04-10)
[2026-02-03T16:24:08.601Z] ✅ Line items backfilled
[2026-02-03T16:24:21.017Z] ✅ Profit recomputed
[2026-02-03T16:24:21.018Z] 📦 Chunk 5: 2023-04-10 → 2023-05-09 (cursor advances to 2023-05-10)
[2026-02-03T16:24:26.426Z] ✅ Line items backfilled
[2026-02-03T16:24:35.247Z] ✅ Profit recomputed
[2026-02-03T16:24:35.248Z] 📦 Chunk 6: 2023-05-10 → 2023-06-09 (cursor advances to 2023-06-10)
[2026-02-03T16:24:40.524Z] ✅ Line items backfilled
[2026-02-03T16:24:50.387Z] ✅ Profit recomputed
[2026-02-03T16:24:50.388Z] 📦 Chunk 7: 2023-06-10 → 2023-07-09 (cursor advances to 2023-07-10)
[2026-02-03T16:24:54.764Z] ✅ Line items backfilled
[2026-02-03T16:25:04.524Z] ✅ Profit recomputed
[2026-02-03T16:25:04.525Z] 📦 Chunk 8: 2023-07-10 → 2023-08-09 (cursor advances to 2023-08-10)
[2026-02-03T16:25:10.502Z] ✅ Line items backfilled
[2026-02-03T16:25:19.617Z] ✅ Profit recomputed
[2026-02-03T16:25:19.617Z] 📦 Chunk 9: 2023-08-10 → 2023-09-09 (cursor advances to 2023-09-10)
[2026-02-03T16:25:24.629Z] ✅ Line items backfilled
[2026-02-03T16:25:35.226Z] ✅ Profit recomputed
[2026-02-03T16:25:35.227Z] 📦 Chunk 10: 2023-09-10 → 2023-10-09 (cursor advances to 2023-10-10)
[2026-02-03T16:25:38.488Z] ✅ Line items backfilled
[2026-02-03T16:25:47.984Z] ✅ Profit recomputed
[2026-02-03T16:25:47.985Z] 📦 Chunk 11: 2023-10-10 → 2023-11-10 (cursor advances to 2023-11-11)
[2026-02-03T16:25:51.291Z] ✅ Line items backfilled
[2026-02-03T16:26:01.121Z] ✅ Profit recomputed
[2026-02-03T16:26:01.122Z] 📦 Chunk 12: 2023-11-11 → 2023-12-10 (cursor advances to 2023-12-11)
[2026-02-03T16:26:06.400Z] ✅ Line items backfilled
[2026-02-03T16:26:18.899Z] ✅ Profit recomputed
[2026-02-03T16:26:18.901Z] 📦 Chunk 13: 2023-12-11 → 2024-01-10 (cursor advances to 2024-01-11)
[2026-02-03T16:26:23.196Z] ✅ Line items backfilled
[2026-02-03T16:26:33.551Z] ✅ Profit recomputed
[2026-02-03T16:26:33.552Z] 📦 Chunk 14: 2024-01-11 → 2024-02-10 (cursor advances to 2024-02-11)
[2026-02-03T16:26:38.106Z] ✅ Line items backfilled
[2026-02-03T16:26:49.967Z] ✅ Profit recomputed
[2026-02-03T16:26:49.969Z] 📦 Chunk 15: 2024-02-11 → 2024-03-10 (cursor advances to 2024-03-10)
[2026-02-03T16:26:55.213Z] ✅ Line items backfilled
[2026-02-03T16:27:05.908Z] ✅ Profit recomputed
[2026-02-03T16:27:05.909Z] 📦 Chunk 16: 2024-03-10 → 2024-04-09 (cursor advances to 2024-04-10)
[2026-02-03T16:27:11.755Z] ✅ Line items backfilled
[2026-02-03T16:27:22.874Z] ✅ Profit recomputed
[2026-02-03T16:27:22.876Z] 📦 Chunk 17: 2024-04-10 → 2024-05-09 (cursor advances to 2024-05-10)
[2026-02-03T16:27:30.219Z] ✅ Line items backfilled
[2026-02-03T16:27:41.787Z] ✅ Profit recomputed
[2026-02-03T16:27:41.788Z] 📦 Chunk 18: 2024-05-10 → 2024-06-09 (cursor advances to 2024-06-10)
[2026-02-03T16:27:50.169Z] ✅ Line items backfilled
[2026-02-03T16:28:01.294Z] ✅ Profit recomputed
[2026-02-03T16:28:01.295Z] 📦 Chunk 19: 2024-06-10 → 2024-07-09 (cursor advances to 2024-07-10)
[2026-02-03T16:28:09.777Z] ✅ Line items backfilled
[2026-02-03T16:28:21.207Z] ✅ Profit recomputed
[2026-02-03T16:28:21.208Z] 📦 Chunk 20: 2024-07-10 → 2024-08-09 (cursor advances to 2024-08-10)
[2026-02-03T16:28:29.665Z] ✅ Line items backfilled
[2026-02-03T16:28:38.811Z] ✅ Profit recomputed
[2026-02-03T16:28:38.812Z] 📦 Chunk 21: 2024-08-10 → 2024-09-09 (cursor advances to 2024-09-10)
[2026-02-03T16:28:46.857Z] ✅ Line items backfilled
[2026-02-03T16:28:56.048Z] ✅ Profit recomputed
[2026-02-03T16:28:56.049Z] 📦 Chunk 22: 2024-09-10 → 2024-10-09 (cursor advances to 2024-10-10)
[2026-02-03T16:29:02.570Z] ✅ Line items backfilled
[2026-02-03T16:29:13.694Z] ✅ Profit recomputed
[2026-02-03T16:29:13.695Z] 📦 Chunk 23: 2024-10-10 → 2024-11-10 (cursor advances to 2024-11-11)
[2026-02-03T16:29:18.728Z] ✅ Line items backfilled
[2026-02-03T16:29:28.545Z] ✅ Profit recomputed
[2026-02-03T16:29:28.546Z] 📦 Chunk 24: 2024-11-11 → 2024-12-10 (cursor advances to 2024-12-11)
[2026-02-03T16:29:36.132Z] ✅ Line items backfilled
[2026-02-03T16:29:46.975Z] ✅ Profit recomputed
[2026-02-03T16:29:46.976Z] 📦 Chunk 25: 2024-12-11 → 2025-01-10 (cursor advances to 2025-01-11)
[2026-02-03T16:29:54.335Z] ✅ Line items backfilled
[2026-02-03T16:30:06.990Z] ✅ Profit recomputed
[2026-02-03T16:30:06.991Z] 📦 Chunk 26: 2025-01-11 → 2025-02-10 (cursor advances to 2025-02-11)
[2026-02-03T16:30:11.654Z] ✅ Line items backfilled
[2026-02-03T16:30:26.156Z] ✅ Profit recomputed
[2026-02-03T16:30:26.156Z] 📦 Chunk 27: 2025-02-11 → 2025-03-09 (cursor advances to 2025-03-10)
[2026-02-03T16:30:30.858Z] ✅ Line items backfilled
[2026-02-03T16:30:43.963Z] ✅ Profit recomputed
[2026-02-03T16:30:43.964Z] 📦 Chunk 28: 2025-03-10 → 2025-04-09 (cursor advances to 2025-04-10)
[2026-02-03T16:30:52.636Z] ✅ Line items backfilled
[2026-02-03T16:31:07.397Z] ✅ Profit recomputed
[2026-02-03T16:31:07.398Z] 📦 Chunk 29: 2025-04-10 → 2025-05-09 (cursor advances to 2025-05-10)
[2026-02-03T16:31:16.703Z] ✅ Line items backfilled
[2026-02-03T16:31:32.948Z] ✅ Profit recomputed
[2026-02-03T16:31:32.949Z] 📦 Chunk 30: 2025-05-10 → 2025-06-09 (cursor advances to 2025-06-10)
[2026-02-03T16:31:44.703Z] ✅ Line items backfilled
[2026-02-03T16:31:57.017Z] ✅ Profit recomputed
[2026-02-03T16:31:57.018Z] 📦 Chunk 31: 2025-06-10 → 2025-07-09 (cursor advances to 2025-07-10)
[2026-02-03T16:32:07.969Z] ✅ Line items backfilled
[2026-02-03T16:32:20.053Z] ✅ Profit recomputed
[2026-02-03T16:32:20.055Z] 📦 Chunk 32: 2025-07-10 → 2025-08-09 (cursor advances to 2025-08-10)
[2026-02-03T16:32:30.910Z] ✅ Line items backfilled
[2026-02-03T16:32:41.182Z] ✅ Profit recomputed
[2026-02-03T16:32:41.183Z] 📦 Chunk 33: 2025-08-10 → 2025-09-09 (cursor advances to 2025-09-10)
[2026-02-03T16:32:49.547Z] ✅ Line items backfilled
[2026-02-03T16:33:02.296Z] ✅ Profit recomputed
[2026-02-03T16:33:02.296Z] 📦 Chunk 34: 2025-09-10 → 2025-10-09 (cursor advances to 2025-10-10)
[2026-02-03T16:33:09.560Z] ✅ Line items backfilled
[2026-02-03T16:33:20.312Z] ✅ Profit recomputed
[2026-02-03T16:33:20.313Z] 📦 Chunk 35: 2025-10-10 → 2025-11-10 (cursor advances to 2025-11-11)
[2026-02-03T16:33:28.689Z] ✅ Line items backfilled
[2026-02-03T16:33:40.639Z] ✅ Profit recomputed
[2026-02-03T16:33:40.640Z] 📦 Chunk 36: 2025-11-11 → 2025-12-10 (cursor advances to 2025-12-11)
[2026-02-03T16:33:56.455Z] ✅ Line items backfilled
[2026-02-03T16:34:08.298Z] ✅ Profit recomputed
[2026-02-03T16:34:08.300Z] 📦 Chunk 37: 2025-12-11 → 2026-01-10 (cursor advances to 2026-01-11)
[2026-02-03T16:34:18.758Z] ✅ Line items backfilled
[2026-02-03T16:34:31.221Z] ✅ Profit recomputed
[2026-02-03T16:34:31.222Z] 📦 Chunk 38: 2026-01-11 → 2026-02-03 (cursor advances to 2026-02-11)
[2026-02-03T16:34:37.187Z] ✅ Line items backfilled
[2026-02-03T16:34:50.596Z] ✅ Profit recomputed
[2026-02-03T16:34:50.598Z] 🎉 Recompute backfill complete
[2026-02-03T17:38:18.697Z] 🚀 Starting recompute backfill
[2026-02-03T17:38:18.702Z] 📦 Chunk 1: 2022-12-11 → 2023-01-10 (cursor advances to 2023-01-11)
[2026-02-03T17:38:25.271Z] ✅ Line items backfilled
[2026-02-03T17:38:28.319Z] ✅ Profit recomputed
[2026-02-03T17:38:28.320Z] 📦 Chunk 2: 2023-01-11 → 2023-02-10 (cursor advances to 2023-02-11)
[2026-02-03T17:38:31.631Z] ✅ Line items backfilled
[2026-02-03T17:38:34.853Z] ✅ Profit recomputed
[2026-02-03T17:38:34.854Z] 📦 Chunk 3: 2023-02-11 → 2023-03-10 (cursor advances to 2023-03-11)
[2026-02-03T17:38:38.986Z] ✅ Line items backfilled
[2026-02-03T17:38:41.415Z] ✅ Profit recomputed
[2026-02-03T17:38:41.417Z] 📦 Chunk 4: 2023-03-11 → 2023-04-09 (cursor advances to 2023-04-10)
[2026-02-03T17:38:45.035Z] ✅ Line items backfilled
[2026-02-03T17:38:47.643Z] ✅ Profit recomputed
[2026-02-03T17:38:47.644Z] 📦 Chunk 5: 2023-04-10 → 2023-05-09 (cursor advances to 2023-05-10)
[2026-02-03T17:38:53.100Z] ✅ Line items backfilled
[2026-02-03T17:38:56.216Z] ✅ Profit recomputed
[2026-02-03T17:38:56.217Z] 📦 Chunk 6: 2023-05-10 → 2023-06-09 (cursor advances to 2023-06-10)
[2026-02-03T17:39:01.972Z] ✅ Line items backfilled
[2026-02-03T17:39:05.494Z] ✅ Profit recomputed
[2026-02-03T17:39:05.495Z] 📦 Chunk 7: 2023-06-10 → 2023-07-09 (cursor advances to 2023-07-10)
[2026-02-03T17:39:10.150Z] ✅ Line items backfilled
[2026-02-03T17:39:13.698Z] ✅ Profit recomputed
[2026-02-03T17:39:13.699Z] 📦 Chunk 8: 2023-07-10 → 2023-08-09 (cursor advances to 2023-08-10)
[2026-02-03T17:39:20.018Z] ✅ Line items backfilled
[2026-02-03T17:39:23.018Z] ✅ Profit recomputed
[2026-02-03T17:39:23.019Z] 📦 Chunk 9: 2023-08-10 → 2023-09-09 (cursor advances to 2023-09-10)
[2026-02-03T17:39:28.063Z] ✅ Line items backfilled
[2026-02-03T17:39:31.103Z] ✅ Profit recomputed
[2026-02-03T17:39:31.104Z] 📦 Chunk 10: 2023-09-10 → 2023-10-09 (cursor advances to 2023-10-10)
[2026-02-03T17:39:34.159Z] ✅ Line items backfilled
[2026-02-03T17:39:37.073Z] ✅ Profit recomputed
[2026-02-03T17:39:37.074Z] 📦 Chunk 11: 2023-10-10 → 2023-11-10 (cursor advances to 2023-11-11)
[2026-02-03T17:39:40.468Z] ✅ Line items backfilled
[2026-02-03T17:39:43.408Z] ✅ Profit recomputed
[2026-02-03T17:39:43.409Z] 📦 Chunk 12: 2023-11-11 → 2023-12-10 (cursor advances to 2023-12-11)
[2026-02-03T17:39:48.978Z] ✅ Line items backfilled
[2026-02-03T17:39:52.180Z] ✅ Profit recomputed
[2026-02-03T17:39:52.181Z] 📦 Chunk 13: 2023-12-11 → 2024-01-10 (cursor advances to 2024-01-11)
[2026-02-03T17:39:56.524Z] ✅ Line items backfilled
[2026-02-03T17:39:59.571Z] ✅ Profit recomputed
[2026-02-03T17:39:59.572Z] 📦 Chunk 14: 2024-01-11 → 2024-02-10 (cursor advances to 2024-02-11)
[2026-02-03T17:40:04.282Z] ✅ Line items backfilled
[2026-02-03T17:40:07.608Z] ✅ Profit recomputed
[2026-02-03T17:40:07.610Z] 📦 Chunk 15: 2024-02-11 → 2024-03-10 (cursor advances to 2024-03-10)
[2026-02-03T17:40:12.550Z] ✅ Line items backfilled
[2026-02-03T17:40:15.377Z] ✅ Profit recomputed
[2026-02-03T17:40:15.378Z] 📦 Chunk 16: 2024-03-10 → 2024-04-09 (cursor advances to 2024-04-10)
[2026-02-03T17:40:21.336Z] ✅ Line items backfilled
[2026-02-03T17:40:24.372Z] ✅ Profit recomputed
[2026-02-03T17:40:24.373Z] 📦 Chunk 17: 2024-04-10 → 2024-05-09 (cursor advances to 2024-05-10)
[2026-02-03T17:40:30.987Z] ✅ Line items backfilled
[2026-02-03T17:40:34.198Z] ✅ Profit recomputed
[2026-02-03T17:40:34.199Z] 📦 Chunk 18: 2024-05-10 → 2024-06-09 (cursor advances to 2024-06-10)
[2026-02-03T17:40:42.563Z] ✅ Line items backfilled
[2026-02-03T17:40:46.504Z] ✅ Profit recomputed
[2026-02-03T17:40:46.505Z] 📦 Chunk 19: 2024-06-10 → 2024-07-09 (cursor advances to 2024-07-10)
[2026-02-03T17:40:55.258Z] ✅ Line items backfilled
[2026-02-03T17:40:58.790Z] ✅ Profit recomputed
[2026-02-03T17:40:58.791Z] 📦 Chunk 20: 2024-07-10 → 2024-08-09 (cursor advances to 2024-08-10)
[2026-02-03T17:41:07.211Z] ✅ Line items backfilled
[2026-02-03T17:41:10.713Z] ✅ Profit recomputed
[2026-02-03T17:41:10.714Z] 📦 Chunk 21: 2024-08-10 → 2024-09-09 (cursor advances to 2024-09-10)
[2026-02-03T17:41:19.018Z] ✅ Line items backfilled
[2026-02-03T17:41:22.158Z] ✅ Profit recomputed
[2026-02-03T17:41:22.159Z] 📦 Chunk 22: 2024-09-10 → 2024-10-09 (cursor advances to 2024-10-10)
[2026-02-03T17:41:29.040Z] ✅ Line items backfilled
[2026-02-03T17:41:31.879Z] ✅ Profit recomputed
[2026-02-03T17:41:31.881Z] 📦 Chunk 23: 2024-10-10 → 2024-11-10 (cursor advances to 2024-11-11)
[2026-02-03T17:41:36.827Z] ✅ Line items backfilled
[2026-02-03T17:41:39.446Z] ✅ Profit recomputed
[2026-02-03T17:41:39.448Z] 📦 Chunk 24: 2024-11-11 → 2024-12-10 (cursor advances to 2024-12-11)
[2026-02-03T17:41:47.382Z] ✅ Line items backfilled
[2026-02-03T17:41:50.418Z] ✅ Profit recomputed
[2026-02-03T17:41:50.418Z] 📦 Chunk 25: 2024-12-11 → 2025-01-10 (cursor advances to 2025-01-11)
[2026-02-03T17:41:57.914Z] ✅ Line items backfilled
[2026-02-03T17:42:01.522Z] ✅ Profit recomputed
[2026-02-03T17:42:01.523Z] 📦 Chunk 26: 2025-01-11 → 2025-02-10 (cursor advances to 2025-02-11)
[2026-02-03T17:42:06.191Z] ✅ Line items backfilled
[2026-02-03T17:42:09.503Z] ✅ Profit recomputed
[2026-02-03T17:42:09.505Z] 📦 Chunk 27: 2025-02-11 → 2025-03-09 (cursor advances to 2025-03-10)
[2026-02-03T17:42:13.981Z] ✅ Line items backfilled
[2026-02-03T17:42:17.320Z] ✅ Profit recomputed
[2026-02-03T17:42:17.321Z] 📦 Chunk 28: 2025-03-10 → 2025-04-09 (cursor advances to 2025-04-10)
[2026-02-03T17:42:24.229Z] ✅ Line items backfilled
[2026-02-03T17:42:27.964Z] ✅ Profit recomputed
[2026-02-03T17:42:27.965Z] 📦 Chunk 29: 2025-04-10 → 2025-05-09 (cursor advances to 2025-05-10)
[2026-02-03T17:42:37.261Z] ✅ Line items backfilled
[2026-02-03T17:42:40.606Z] ✅ Profit recomputed
[2026-02-03T17:42:40.608Z] 📦 Chunk 30: 2025-05-10 → 2025-06-09 (cursor advances to 2025-06-10)
[2026-02-03T17:42:51.973Z] ✅ Line items backfilled
[2026-02-03T17:42:55.341Z] ✅ Profit recomputed
[2026-02-03T17:42:55.342Z] 📦 Chunk 31: 2025-06-10 → 2025-07-09 (cursor advances to 2025-07-10)
[2026-02-03T17:43:05.429Z] ✅ Line items backfilled
[2026-02-03T17:43:08.158Z] ✅ Profit recomputed
[2026-02-03T17:43:08.160Z] 📦 Chunk 32: 2025-07-10 → 2025-08-09 (cursor advances to 2025-08-10)
[2026-02-03T17:43:18.466Z] ✅ Line items backfilled
[2026-02-03T17:43:21.216Z] ✅ Profit recomputed
[2026-02-03T17:43:21.218Z] 📦 Chunk 33: 2025-08-10 → 2025-09-09 (cursor advances to 2025-09-10)
[2026-02-03T17:43:29.749Z] ✅ Line items backfilled
[2026-02-03T17:43:33.550Z] ✅ Profit recomputed
[2026-02-03T17:43:33.552Z] 📦 Chunk 34: 2025-09-10 → 2025-10-09 (cursor advances to 2025-10-10)
[2026-02-03T17:43:40.165Z] ✅ Line items backfilled
[2026-02-03T17:43:43.337Z] ✅ Profit recomputed
[2026-02-03T17:43:43.338Z] 📦 Chunk 35: 2025-10-10 → 2025-11-10 (cursor advances to 2025-11-11)
[2026-02-03T17:43:51.693Z] ✅ Line items backfilled
[2026-02-03T17:43:54.908Z] ✅ Profit recomputed
[2026-02-03T17:43:54.909Z] 📦 Chunk 36: 2025-11-11 → 2025-12-10 (cursor advances to 2025-12-11)
[2026-02-03T17:44:11.083Z] ✅ Line items backfilled
[2026-02-03T17:44:14.523Z] ✅ Profit recomputed
[2026-02-03T17:44:14.524Z] 📦 Chunk 37: 2025-12-11 → 2026-01-10 (cursor advances to 2026-01-11)
[2026-02-03T17:44:25.340Z] ✅ Line items backfilled
[2026-02-03T17:44:29.259Z] ✅ Profit recomputed
[2026-02-03T17:44:29.261Z] 📦 Chunk 38: 2026-01-11 → 2026-02-03 (cursor advances to 2026-02-11)
[2026-02-03T17:44:35.264Z] ✅ Line items backfilled
[2026-02-03T17:44:38.044Z] ✅ Profit recomputed
[2026-02-03T17:44:38.045Z] 🎉 Recompute backfill complete
